# JRE version: Java(TM) SE Runtime Environment (7.0_40-b40) (build 1.7.0_40-b40)
# Java VM: Java HotSpot(TM) Client VM (24.0-b55 mixed mode, sharing windows-x86 )
Heap
 def new generation   total 33536K, used 33536K [0x074b0000, 0x09910000, 0x11f50000)
  eden space 29824K, 100% used [0x074b0000, 0x091d0000, 0x091d0000)
  from space 3712K, 100% used [0x09570000, 0x09910000, 0x09910000)
  to   space 3712K, 100% used [0x091d0000, 0x09570000, 0x09570000)
 tenured generation   total 74372K, used 43455K [0x11f50000, 0x167f1000, 0x274b0000)
   the space 74372K,  58% used [0x11f50000, 0x149bff60, 0x149c0000, 0x167f1000)
 compacting perm gen  total 48128K, used 48072K [0x274b0000, 0x2a3b0000, 0x374b0000)
   the space 48128K,  99% used [0x274b0000, 0x2a3a2270, 0x2a3a2400, 0x2a3b0000)
    ro space 10240K,  44% used [0x374b0000, 0x379273f0, 0x37927400, 0x37eb0000)
    rw space 12288K,  52% used [0x37eb0000, 0x384fdd28, 0x384fde00, 0x38ab0000)
GC Heap History (10 events):
Event: 201.274 GC heap after
Heap after GC invocations=27 (full 10):
 def new generation   total 33536K, used 0K [0x074b0000, 0x09910000, 0x11f50000)
  eden space 29824K,   0% used [0x074b0000, 0x074b0000, 0x091d0000)
  from space 3712K,   0% used [0x091d0000, 0x091d0000, 0x09570000)
  to   space 3712K,   0% used [0x09570000, 0x09570000, 0x09910000)
 tenured generation   total 74372K, used 39003K [0x11f50000, 0x167f1000, 0x274b0000)
   the space 74372K,  52% used [0x11f50000, 0x14566dc8, 0x14566e00, 0x167f1000)
 compacting perm gen  total 41728K, used 41570K [0x274b0000, 0x29d70000, 0x374b0000)
   the space 41728K,  99% used [0x274b0000, 0x29d488c8, 0x29d48a00, 0x29d70000)
    ro space 10240K,  44% used [0x374b0000, 0x379273f0, 0x37927400, 0x37eb0000)
    rw space 12288K,  52% used [0x37eb0000, 0x384fdd28, 0x384fde00, 0x38ab0000)
}
Event: 261.032 GC heap before
{Heap before GC invocations=27 (full 10):
 def new generation   total 33536K, used 14301K [0x074b0000, 0x09910000, 0x11f50000)
  eden space 29824K,  47% used [0x074b0000, 0x082a76d0, 0x091d0000)
  from space 3712K,   0% used [0x091d0000, 0x091d0000, 0x09570000)
  to   space 3712K,   0% used [0x09570000, 0x09570000, 0x09910000)
 tenured generation   total 74372K, used 39003K [0x11f50000, 0x167f1000, 0x274b0000)
   the space 74372K,  52% used [0x11f50000, 0x14566dc8, 0x14566e00, 0x167f1000)
 compacting perm gen  total 42240K, used 42238K [0x274b0000, 0x29df0000, 0x374b0000)
   the space 42240K,  99% used [0x274b0000, 0x29defb08, 0x29defc00, 0x29df0000)
    ro space 10240K,  44% used [0x374b0000, 0x379273f0, 0x37927400, 0x37eb0000)
    rw space 12288K,  52% used [0x37eb0000, 0x384fdd28, 0x384fde00, 0x38ab0000)
Event: 261.289 GC heap after
Heap after GC invocations=28 (full 11):
 def new generation   total 33536K, used 0K [0x074b0000, 0x09910000, 0x11f50000)
  eden space 29824K,   0% used [0x074b0000, 0x074b0000, 0x091d0000)
  from space 3712K,   0% used [0x091d0000, 0x091d0000, 0x09570000)
  to   space 3712K,   0% used [0x09570000, 0x09570000, 0x09910000)
 tenured generation   total 74372K, used 40438K [0x11f50000, 0x167f1000, 0x274b0000)
   the space 74372K,  54% used [0x11f50000, 0x146cda98, 0x146cdc00, 0x167f1000)
 compacting perm gen  total 42240K, used 42238K [0x274b0000, 0x29df0000, 0x374b0000)
   the space 42240K,  99% used [0x274b0000, 0x29defb08, 0x29defc00, 0x29df0000)
    ro space 10240K,  44% used [0x374b0000, 0x379273f0, 0x37927400, 0x37eb0000)
    rw space 12288K,  52% used [0x37eb0000, 0x384fdd28, 0x384fde00, 0x38ab0000)
}
Event: 321.041 GC heap before
{Heap before GC invocations=28 (full 11):
 def new generation   total 33536K, used 25305K [0x074b0000, 0x09910000, 0x11f50000)
  eden space 29824K,  84% used [0x074b0000, 0x08d66718, 0x091d0000)
  from space 3712K,   0% used [0x091d0000, 0x091d0000, 0x09570000)
  to   space 3712K,   0% used [0x09570000, 0x09570000, 0x09910000)
 tenured generation   total 74372K, used 40438K [0x11f50000, 0x167f1000, 0x274b0000)
   the space 74372K,  54% used [0x11f50000, 0x146cda98, 0x146cdc00, 0x167f1000)
 compacting perm gen  total 43776K, used 43638K [0x274b0000, 0x29f70000, 0x374b0000)
   the space 43776K,  99% used [0x274b0000, 0x29f4daa8, 0x29f4dc00, 0x29f70000)
    ro space 10240K,  44% used [0x374b0000, 0x379273f0, 0x37927400, 0x37eb0000)
    rw space 12288K,  52% used [0x37eb0000, 0x384fdd28, 0x384fde00, 0x38ab0000)
Event: 321.348 GC heap after
Heap after GC invocations=29 (full 12):
 def new generation   total 33536K, used 0K [0x074b0000, 0x09910000, 0x11f50000)
  eden space 29824K,   0% used [0x074b0000, 0x074b0000, 0x091d0000)
  from space 3712K,   0% used [0x091d0000, 0x091d0000, 0x09570000)
  to   space 3712K,   0% used [0x09570000, 0x09570000, 0x09910000)
 tenured generation   total 74372K, used 38325K [0x11f50000, 0x167f1000, 0x274b0000)
   the space 74372K,  51% used [0x11f50000, 0x144bd688, 0x144bd800, 0x167f1000)
 compacting perm gen  total 43776K, used 43613K [0x274b0000, 0x29f70000, 0x374b0000)
   the space 43776K,  99% used [0x274b0000, 0x29f47710, 0x29f47800, 0x29f70000)
    ro space 10240K,  44% used [0x374b0000, 0x379273f0, 0x37927400, 0x37eb0000)
    rw space 12288K,  52% used [0x37eb0000, 0x384fdd28, 0x384fde00, 0x38ab0000)
}
Event: 381.055 GC heap before
{Heap before GC invocations=29 (full 12):
 def new generation   total 33536K, used 17083K [0x074b0000, 0x09910000, 0x11f50000)
  eden space 29824K,  57% used [0x074b0000, 0x0855ee68, 0x091d0000)
  from space 3712K,   0% used [0x091d0000, 0x091d0000, 0x09570000)
  to   space 3712K,   0% used [0x09570000, 0x09570000, 0x09910000)
 tenured generation   total 74372K, used 38325K [0x11f50000, 0x167f1000, 0x274b0000)
   the space 74372K,  51% used [0x11f50000, 0x144bd688, 0x144bd800, 0x167f1000)
 compacting perm gen  total 45312K, used 45059K [0x274b0000, 0x2a0f0000, 0x374b0000)
   the space 45312K,  99% used [0x274b0000, 0x2a0b0fa8, 0x2a0b1000, 0x2a0f0000)
    ro space 10240K,  44% used [0x374b0000, 0x379273f0, 0x37927400, 0x37eb0000)
    rw space 12288K,  52% used [0x37eb0000, 0x384fdd28, 0x384fde00, 0x38ab0000)
Event: 381.328 GC heap after
Heap after GC invocations=30 (full 13):
 def new generation   total 33536K, used 0K [0x074b0000, 0x09910000, 0x11f50000)
  eden space 29824K,   0% used [0x074b0000, 0x074b0000, 0x091d0000)
  from space 3712K,   0% used [0x091d0000, 0x091d0000, 0x09570000)
  to   space 3712K,   0% used [0x09570000, 0x09570000, 0x09910000)
 tenured generation   total 74372K, used 42075K [0x11f50000, 0x167f1000, 0x274b0000)
   the space 74372K,  56% used [0x11f50000, 0x14866f18, 0x14867000, 0x167f1000)
 compacting perm gen  total 45312K, used 45059K [0x274b0000, 0x2a0f0000, 0x374b0000)
   the space 45312K,  99% used [0x274b0000, 0x2a0b0fa8, 0x2a0b1000, 0x2a0f0000)
    ro space 10240K,  44% used [0x374b0000, 0x379273f0, 0x37927400, 0x37eb0000)
    rw space 12288K,  52% used [0x37eb0000, 0x384fdd28, 0x384fde00, 0x38ab0000)
}
Event: 407.121 GC heap before
{Heap before GC invocations=30 (full 13):
 def new generation   total 33536K, used 29824K [0x074b0000, 0x09910000, 0x11f50000)
  eden space 29824K, 100% used [0x074b0000, 0x091d0000, 0x091d0000)
  from space 3712K,   0% used [0x091d0000, 0x091d0000, 0x09570000)
  to   space 3712K,   0% used [0x09570000, 0x09570000, 0x09910000)
 tenured generation   total 74372K, used 42075K [0x11f50000, 0x167f1000, 0x274b0000)
   the space 74372K,  56% used [0x11f50000, 0x14866f18, 0x14867000, 0x167f1000)
 compacting perm gen  total 46336K, used 46321K [0x274b0000, 0x2a1f0000, 0x374b0000)
   the space 46336K,  99% used [0x274b0000, 0x2a1ec7c8, 0x2a1ec800, 0x2a1f0000)
    ro space 10240K,  44% used [0x374b0000, 0x379273f0, 0x37927400, 0x37eb0000)
    rw space 12288K,  52% used [0x37eb0000, 0x384fdd28, 0x384fde00, 0x38ab0000)
Event: 407.141 GC heap after
Heap after GC invocations=31 (full 13):
 def new generation   total 33536K, used 3712K [0x074b0000, 0x09910000, 0x11f50000)
  eden space 29824K,   0% used [0x074b0000, 0x074b0000, 0x091d0000)
  from space 3712K, 100% used [0x09570000, 0x09910000, 0x09910000)
  to   space 3712K,   0% used [0x091d0000, 0x091d0000, 0x09570000)
 tenured generation   total 74372K, used 42613K [0x11f50000, 0x167f1000, 0x274b0000)
   the space 74372K,  57% used [0x11f50000, 0x148ed668, 0x148ed800, 0x167f1000)
 compacting perm gen  total 46336K, used 46321K [0x274b0000, 0x2a1f0000, 0x374b0000)
   the space 46336K,  99% used [0x274b0000, 0x2a1ec7c8, 0x2a1ec800, 0x2a1f0000)
    ro space 10240K,  44% used [0x374b0000, 0x379273f0, 0x37927400, 0x37eb0000)
    rw space 12288K,  52% used [0x37eb0000, 0x384fdd28, 0x384fde00, 0x38ab0000)
}
Event: 425.119 GC heap before
{Heap before GC invocations=31 (full 13):
 def new generation   total 33536K, used 33536K [0x074b0000, 0x09910000, 0x11f50000)
  eden space 29824K, 100% used [0x074b0000, 0x091d0000, 0x091d0000)
  from space 3712K, 100% used [0x09570000, 0x09910000, 0x09910000)
  to   space 3712K,   0% used [0x091d0000, 0x091d0000, 0x09570000)
 tenured generation   total 74372K, used 42613K [0x11f50000, 0x167f1000, 0x274b0000)
   the space 74372K,  57% used [0x11f50000, 0x148ed668, 0x148ed800, 0x167f1000)
 compacting perm gen  total 48128K, used 48072K [0x274b0000, 0x2a3b0000, 0x374b0000)
   the space 48128K,  99% used [0x274b0000, 0x2a3a2270, 0x2a3a2400, 0x2a3b0000)
    ro space 10240K,  44% used [0x374b0000, 0x379273f0, 0x37927400, 0x37eb0000)
    rw space 12288K,  52% used [0x37eb0000, 0x384fdd28, 0x384fde00, 0x38ab0000)

