# JRE version: Java(TM) SE Runtime Environment (7.0_40-b40) (build 1.7.0_40-b40)
# Java VM: Java HotSpot(TM) Client VM (24.0-b55 mixed mode, sharing windows-x86 )
Heap
 def new generation   total 46272K, used 2519K [0x074b0000, 0x0a6e0000, 0x11f50000)
  eden space 41152K,   6% used [0x074b0000, 0x07725fc8, 0x09ce0000)
  from space 5120K,   0% used [0x0a1e0000, 0x0a1e0000, 0x0a6e0000)
  to   space 5120K,   0% used [0x09ce0000, 0x09ce0000, 0x0a1e0000)
 tenured generation   total 102592K, used 56655K [0x11f50000, 0x18380000, 0x274b0000)
   the space 102592K,  55% used [0x11f50000, 0x156a3ca8, 0x156a3e00, 0x18380000)
 compacting perm gen  total 60416K, used 60297K [0x274b0000, 0x2afb0000, 0x374b0000)
   the space 60416K,  99% used [0x274b0000, 0x2af92490, 0x2af92600, 0x2afb0000)
    ro space 10240K,  44% used [0x374b0000, 0x379273f0, 0x37927400, 0x37eb0000)
    rw space 12288K,  52% used [0x37eb0000, 0x384fdd28, 0x384fde00, 0x38ab0000)
GC Heap History (10 events):
Event: 2574.275 GC heap before
{Heap before GC invocations=82 (full 45):
 def new generation   total 46208K, used 11106K [0x074b0000, 0x0a6d0000, 0x11f50000)
  eden space 41088K,  27% used [0x074b0000, 0x07f88a68, 0x09cd0000)
  from space 5120K,   0% used [0x09cd0000, 0x09cd0000, 0x0a1d0000)
  to   space 5120K,   0% used [0x0a1d0000, 0x0a1d0000, 0x0a6d0000)
 tenured generation   total 102592K, used 55863K [0x11f50000, 0x18380000, 0x274b0000)
   the space 102592K,  54% used [0x11f50000, 0x155dde30, 0x155de000, 0x18380000)
 compacting perm gen  total 60160K, used 60086K [0x274b0000, 0x2af70000, 0x374b0000)
   the space 60160K,  99% used [0x274b0000, 0x2af5d890, 0x2af5da00, 0x2af70000)
    ro space 10240K,  44% used [0x374b0000, 0x379273f0, 0x37927400, 0x37eb0000)
    rw space 12288K,  52% used [0x37eb0000, 0x384fdd28, 0x384fde00, 0x38ab0000)
Event: 2574.646 GC heap after
Heap after GC invocations=83 (full 46):
 def new generation   total 46208K, used 0K [0x074b0000, 0x0a6d0000, 0x11f50000)
  eden space 41088K,   0% used [0x074b0000, 0x074b0000, 0x09cd0000)
  from space 5120K,   0% used [0x09cd0000, 0x09cd0000, 0x0a1d0000)
  to   space 5120K,   0% used [0x0a1d0000, 0x0a1d0000, 0x0a6d0000)
 tenured generation   total 102592K, used 56112K [0x11f50000, 0x18380000, 0x274b0000)
   the space 102592K,  54% used [0x11f50000, 0x1561c198, 0x1561c200, 0x18380000)
 compacting perm gen  total 60160K, used 60086K [0x274b0000, 0x2af70000, 0x374b0000)
   the space 60160K,  99% used [0x274b0000, 0x2af5d890, 0x2af5da00, 0x2af70000)
    ro space 10240K,  44% used [0x374b0000, 0x379273f0, 0x37927400, 0x37eb0000)
    rw space 12288K,  52% used [0x37eb0000, 0x384fdd28, 0x384fde00, 0x38ab0000)
}
Event: 2648.423 GC heap before
{Heap before GC invocations=83 (full 46):
 def new generation   total 46208K, used 40145K [0x074b0000, 0x0a6d0000, 0x11f50000)
  eden space 41088K,  97% used [0x074b0000, 0x09be46d8, 0x09cd0000)
  from space 5120K,   0% used [0x09cd0000, 0x09cd0000, 0x0a1d0000)
  to   space 5120K,   0% used [0x0a1d0000, 0x0a1d0000, 0x0a6d0000)
 tenured generation   total 102592K, used 56112K [0x11f50000, 0x18380000, 0x274b0000)
   the space 102592K,  54% used [0x11f50000, 0x1561c198, 0x1561c200, 0x18380000)
 compacting perm gen  total 60416K, used 60299K [0x274b0000, 0x2afb0000, 0x374b0000)
   the space 60416K,  99% used [0x274b0000, 0x2af92ea8, 0x2af93000, 0x2afb0000)
    ro space 10240K,  44% used [0x374b0000, 0x379273f0, 0x37927400, 0x37eb0000)
    rw space 12288K,  52% used [0x37eb0000, 0x384fdd28, 0x384fde00, 0x38ab0000)
Event: 2648.775 GC heap after
Heap after GC invocations=84 (full 47):
 def new generation   total 46272K, used 0K [0x074b0000, 0x0a6e0000, 0x11f50000)
  eden space 41152K,   0% used [0x074b0000, 0x074b0000, 0x09ce0000)
  from space 5120K,   0% used [0x09ce0000, 0x09ce0000, 0x0a1e0000)
  to   space 5120K,   0% used [0x0a1e0000, 0x0a1e0000, 0x0a6e0000)
 tenured generation   total 102592K, used 57139K [0x11f50000, 0x18380000, 0x274b0000)
   the space 102592K,  55% used [0x11f50000, 0x1571cc68, 0x1571ce00, 0x18380000)
 compacting perm gen  total 60416K, used 60299K [0x274b0000, 0x2afb0000, 0x374b0000)
   the space 60416K,  99% used [0x274b0000, 0x2af92ea8, 0x2af93000, 0x2afb0000)
    ro space 10240K,  44% used [0x374b0000, 0x379273f0, 0x37927400, 0x37eb0000)
    rw space 12288K,  52% used [0x37eb0000, 0x384fdd28, 0x384fde00, 0x38ab0000)
}
Event: 2700.224 GC heap before
{Heap before GC invocations=84 (full 47):
 def new generation   total 46272K, used 41152K [0x074b0000, 0x0a6e0000, 0x11f50000)
  eden space 41152K, 100% used [0x074b0000, 0x09ce0000, 0x09ce0000)
  from space 5120K,   0% used [0x09ce0000, 0x09ce0000, 0x0a1e0000)
  to   space 5120K,   0% used [0x0a1e0000, 0x0a1e0000, 0x0a6e0000)
 tenured generation   total 102592K, used 57139K [0x11f50000, 0x18380000, 0x274b0000)
   the space 102592K,  55% used [0x11f50000, 0x1571cc68, 0x1571ce00, 0x18380000)
 compacting perm gen  total 60416K, used 60300K [0x274b0000, 0x2afb0000, 0x374b0000)
   the space 60416K,  99% used [0x274b0000, 0x2af93190, 0x2af93200, 0x2afb0000)
    ro space 10240K,  44% used [0x374b0000, 0x379273f0, 0x37927400, 0x37eb0000)
    rw space 12288K,  52% used [0x37eb0000, 0x384fdd28, 0x384fde00, 0x38ab0000)
Event: 2700.229 GC heap after
Heap after GC invocations=85 (full 47):
 def new generation   total 46272K, used 788K [0x074b0000, 0x0a6e0000, 0x11f50000)
  eden space 41152K,   0% used [0x074b0000, 0x074b0000, 0x09ce0000)
  from space 5120K,  15% used [0x0a1e0000, 0x0a2a5318, 0x0a6e0000)
  to   space 5120K,   0% used [0x09ce0000, 0x09ce0000, 0x0a1e0000)
 tenured generation   total 102592K, used 57139K [0x11f50000, 0x18380000, 0x274b0000)
   the space 102592K,  55% used [0x11f50000, 0x1571cc68, 0x1571ce00, 0x18380000)
 compacting perm gen  total 60416K, used 60300K [0x274b0000, 0x2afb0000, 0x374b0000)
   the space 60416K,  99% used [0x274b0000, 0x2af93190, 0x2af93200, 0x2afb0000)
    ro space 10240K,  44% used [0x374b0000, 0x379273f0, 0x37927400, 0x37eb0000)
    rw space 12288K,  52% used [0x37eb0000, 0x384fdd28, 0x384fde00, 0x38ab0000)
}
Event: 2727.423 GC heap before
{Heap before GC invocations=85 (full 47):
 def new generation   total 46272K, used 27390K [0x074b0000, 0x0a6e0000, 0x11f50000)
  eden space 41152K,  64% used [0x074b0000, 0x08eaa650, 0x09ce0000)
  from space 5120K,  15% used [0x0a1e0000, 0x0a2a5318, 0x0a6e0000)
  to   space 5120K,   0% used [0x09ce0000, 0x09ce0000, 0x0a1e0000)
 tenured generation   total 102592K, used 57139K [0x11f50000, 0x18380000, 0x274b0000)
   the space 102592K,  55% used [0x11f50000, 0x1571cc68, 0x1571ce00, 0x18380000)
 compacting perm gen  total 60416K, used 60300K [0x274b0000, 0x2afb0000, 0x374b0000)
   the space 60416K,  99% used [0x274b0000, 0x2af933e0, 0x2af93400, 0x2afb0000)
    ro space 10240K,  44% used [0x374b0000, 0x379273f0, 0x37927400, 0x37eb0000)
    rw space 12288K,  52% used [0x37eb0000, 0x384fdd28, 0x384fde00, 0x38ab0000)
Event: 2727.820 GC heap after
Heap after GC invocations=86 (full 48):
 def new generation   total 46272K, used 0K [0x074b0000, 0x0a6e0000, 0x11f50000)
  eden space 41152K,   0% used [0x074b0000, 0x074b0000, 0x09ce0000)
  from space 5120K,   0% used [0x0a1e0000, 0x0a1e0000, 0x0a6e0000)
  to   space 5120K,   0% used [0x09ce0000, 0x09ce0000, 0x0a1e0000)
 tenured generation   total 102592K, used 55807K [0x11f50000, 0x18380000, 0x274b0000)
   the space 102592K,  54% used [0x11f50000, 0x155cff00, 0x155d0000, 0x18380000)
 compacting perm gen  total 60416K, used 60296K [0x274b0000, 0x2afb0000, 0x374b0000)
   the space 60416K,  99% used [0x274b0000, 0x2af923c0, 0x2af92400, 0x2afb0000)
    ro space 10240K,  44% used [0x374b0000, 0x379273f0, 0x37927400, 0x37eb0000)
    rw space 12288K,  52% used [0x37eb0000, 0x384fdd28, 0x384fde00, 0x38ab0000)
}
Event: 2791.790 GC heap before
{Heap before GC invocations=86 (full 48):
 def new generation   total 46272K, used 41016K [0x074b0000, 0x0a6e0000, 0x11f50000)
  eden space 41152K,  99% used [0x074b0000, 0x09cbe178, 0x09ce0000)
  from space 5120K,   0% used [0x0a1e0000, 0x0a1e0000, 0x0a6e0000)
  to   space 5120K,   0% used [0x09ce0000, 0x09ce0000, 0x0a1e0000)
 tenured generation   total 102592K, used 55807K [0x11f50000, 0x18380000, 0x274b0000)
   the space 102592K,  54% used [0x11f50000, 0x155cff00, 0x155d0000, 0x18380000)
 compacting perm gen  total 60416K, used 60297K [0x274b0000, 0x2afb0000, 0x374b0000)
   the space 60416K,  99% used [0x274b0000, 0x2af92470, 0x2af92600, 0x2afb0000)
    ro space 10240K,  44% used [0x374b0000, 0x379273f0, 0x37927400, 0x37eb0000)
    rw space 12288K,  52% used [0x37eb0000, 0x384fdd28, 0x384fde00, 0x38ab0000)
Event: 2792.142 GC heap after
Heap after GC invocations=87 (full 49):
 def new generation   total 46272K, used 0K [0x074b0000, 0x0a6e0000, 0x11f50000)
  eden space 41152K,   0% used [0x074b0000, 0x074b0000, 0x09ce0000)
  from space 5120K,   0% used [0x0a1e0000, 0x0a1e0000, 0x0a6e0000)
  to   space 5120K,   0% used [0x09ce0000, 0x09ce0000, 0x0a1e0000)
 tenured generation   total 102592K, used 56655K [0x11f50000, 0x18380000, 0x274b0000)
   the space 102592K,  55% used [0x11f50000, 0x156a3ca8, 0x156a3e00, 0x18380000)
 compacting perm gen  total 60416K, used 60297K [0x274b0000, 0x2afb0000, 0x374b0000)
   the space 60416K,  99% used [0x274b0000, 0x2af92470, 0x2af92600, 0x2afb0000)
    ro space 10240K,  44% used [0x374b0000, 0x379273f0, 0x37927400, 0x37eb0000)
    rw space 12288K,  52% used [0x37eb0000, 0x384fdd28, 0x384fde00, 0x38ab0000)
}

